INFO:     Will watch for changes in these directories: ['/Users/billyb/school-projects/module14_is601_extended']
INFO:     Uvicorn running on http://0.0.0.0:8000 (Press CTRL+C to quit)
INFO:     Started reloader process [13814] using StatReload
INFO:     Started server process [13874]
INFO:     Waiting for application startup.
INFO:     Application startup complete.
Creating tables...
Tables created successfully!
INFO:     127.0.0.1:59366 - "GET / HTTP/1.1" 200 OK
INFO:     127.0.0.1:59366 - "GET /recommendations-ui HTTP/1.1" 200 OK
INFO:     127.0.0.1:59373 - "POST /cars/recommendations HTTP/1.1" 200 OK
INFO:     127.0.0.1:59373 - "POST /cars/recommendations HTTP/1.1" 200 OK
WARNING:  StatReload detected changes in 'app/services/car_recommendations.py'. Reloading...
INFO:     Shutting down
INFO:     Waiting for application shutdown.
INFO:     Application shutdown complete.
INFO:     Finished server process [13874]
INFO:     Started server process [14996]
INFO:     Waiting for application startup.
INFO:     Application startup complete.
Creating tables...
Tables created successfully!
INFO:     127.0.0.1:59405 - "POST /cars/recommendations HTTP/1.1" 200 OK
WARNING:  StatReload detected changes in 'app/services/car_recommendations.py'. Reloading...
INFO:     Shutting down
INFO:     Waiting for application shutdown.
INFO:     Application shutdown complete.
INFO:     Finished server process [14996]
INFO:     Started server process [15442]
INFO:     Waiting for application startup.
INFO:     Application startup complete.
WARNING:  StatReload detected changes in 'app/schemas/recommendation.py'. Reloading...
INFO:     Shutting down
INFO:     Waiting for application shutdown.
INFO:     Application shutdown complete.
INFO:     Finished server process [15442]
INFO:     Started server process [15557]
INFO:     Waiting for application startup.
INFO:     Application startup complete.
WARNING:  StatReload detected changes in 'app/services/car_recommendations.py'. Reloading...
INFO:     Shutting down
INFO:     Waiting for application shutdown.
INFO:     Application shutdown complete.
INFO:     Finished server process [15557]
INFO:     Started server process [15642]
INFO:     Waiting for application startup.
INFO:     Application startup complete.
WARNING:  StatReload detected changes in 'app/services/car_recommendations.py'. Reloading...
INFO:     Shutting down
INFO:     Waiting for application shutdown.
INFO:     Application shutdown complete.
INFO:     Finished server process [15642]
INFO:     Started server process [15769]
INFO:     Waiting for application startup.
INFO:     Application startup complete.
Creating tables...
Tables created successfully!
INFO:     127.0.0.1:59484 - "GET /recommendations-ui HTTP/1.1" 200 OK
INFO:     127.0.0.1:59489 - "GET /cars-ui HTTP/1.1" 200 OK
INFO:     127.0.0.1:59488 - "GET /cars HTTP/1.1" 200 OK
INFO:     127.0.0.1:59488 - "GET /cars-ui/c5a9a00e-d707-4462-b081-92cfd9d99cdb HTTP/1.1" 200 OK
INFO:     127.0.0.1:59489 - "GET /cars/c5a9a00e-d707-4462-b081-92cfd9d99cdb HTTP/1.1" 200 OK
INFO:     127.0.0.1:59488 - "GET /cars/c5a9a00e-d707-4462-b081-92cfd9d99cdb/listings HTTP/1.1" 200 OK
INFO:     127.0.0.1:59496 - "GET /recommendations-ui HTTP/1.1" 200 OK
WARNING:  StatReload detected changes in 'app/main.py'. Reloading...
INFO:     Shutting down
INFO:     Waiting for application shutdown.
INFO:     Application shutdown complete.
INFO:     Finished server process [15769]
INFO:     Started server process [17629]
INFO:     Waiting for application startup.
INFO:     Application startup complete.
WARNING:  StatReload detected changes in 'app/main.py'. Reloading...
INFO:     Shutting down
INFO:     Waiting for application shutdown.
INFO:     Application shutdown complete.
INFO:     Finished server process [17629]
Process SpawnProcess-8:
Traceback (most recent call last):
  File "/opt/homebrew/Cellar/python@3.13/3.13.7/Frameworks/Python.framework/Versions/3.13/lib/python3.13/multiprocessing/process.py", line 313, in _bootstrap
    self.run()
    ~~~~~~~~^^
  File "/opt/homebrew/Cellar/python@3.13/3.13.7/Frameworks/Python.framework/Versions/3.13/lib/python3.13/multiprocessing/process.py", line 108, in run
    self._target(*self._args, **self._kwargs)
    ~~~~~~~~~~~~^^^^^^^^^^^^^^^^^^^^^^^^^^^^^
  File "/Users/billyb/school-projects/module14_is601_extended/.venv/lib/python3.13/site-packages/uvicorn/_subprocess.py", line 80, in subprocess_started
    target(sockets=sockets)
    ~~~~~~^^^^^^^^^^^^^^^^^
  File "/Users/billyb/school-projects/module14_is601_extended/.venv/lib/python3.13/site-packages/uvicorn/server.py", line 66, in run
    return asyncio.run(self.serve(sockets=sockets))
           ~~~~~~~~~~~^^^^^^^^^^^^^^^^^^^^^^^^^^^^^
  File "/opt/homebrew/Cellar/python@3.13/3.13.7/Frameworks/Python.framework/Versions/3.13/lib/python3.13/asyncio/runners.py", line 195, in run
    return runner.run(main)
           ~~~~~~~~~~^^^^^^
  File "/opt/homebrew/Cellar/python@3.13/3.13.7/Frameworks/Python.framework/Versions/3.13/lib/python3.13/asyncio/runners.py", line 118, in run
    return self._loop.run_until_complete(task)
           ~~~~~~~~~~~~~~~~~~~~~~~~~~~~~^^^^^^
  File "/opt/homebrew/Cellar/python@3.13/3.13.7/Frameworks/Python.framework/Versions/3.13/lib/python3.13/asyncio/base_events.py", line 725, in run_until_complete
    return future.result()
           ~~~~~~~~~~~~~^^
  File "/Users/billyb/school-projects/module14_is601_extended/.venv/lib/python3.13/site-packages/uvicorn/server.py", line 70, in serve
    await self._serve(sockets)
  File "/Users/billyb/school-projects/module14_is601_extended/.venv/lib/python3.13/site-packages/uvicorn/server.py", line 77, in _serve
    config.load()
    ~~~~~~~~~~~^^
  File "/Users/billyb/school-projects/module14_is601_extended/.venv/lib/python3.13/site-packages/uvicorn/config.py", line 435, in load
    self.loaded_app = import_from_string(self.app)
                      ~~~~~~~~~~~~~~~~~~^^^^^^^^^^
  File "/Users/billyb/school-projects/module14_is601_extended/.venv/lib/python3.13/site-packages/uvicorn/importer.py", line 19, in import_from_string
    module = importlib.import_module(module_str)
  File "/opt/homebrew/Cellar/python@3.13/3.13.7/Frameworks/Python.framework/Versions/3.13/lib/python3.13/importlib/__init__.py", line 88, in import_module
    return _bootstrap._gcd_import(name[level:], package, level)
           ~~~~~~~~~~~~~~~~~~~~~~^^^^^^^^^^^^^^^^^^^^^^^^^^^^^^
  File "<frozen importlib._bootstrap>", line 1387, in _gcd_import
  File "<frozen importlib._bootstrap>", line 1360, in _find_and_load
  File "<frozen importlib._bootstrap>", line 1331, in _find_and_load_unlocked
  File "<frozen importlib._bootstrap>", line 935, in _load_unlocked
  File "<frozen importlib._bootstrap_external>", line 1022, in exec_module
  File "<frozen importlib._bootstrap_external>", line 1160, in get_code
  File "<frozen importlib._bootstrap_external>", line 1090, in source_to_code
  File "<frozen importlib._bootstrap>", line 488, in _call_with_frames_removed
  File "/Users/billyb/school-projects/module14_is601_extended/app/main.py", line 645
    This endpoint does NOT require authentication - it's a public utility.
                                                      ^
SyntaxError: unterminated string literal (detected at line 645)
WARNING:  StatReload detected changes in 'app/main.py'. Reloading...
INFO:     Started server process [17893]
INFO:     Waiting for application startup.
INFO:     Application startup complete.
WARNING:  StatReload detected changes in 'app/main.py'. Reloading...
INFO:     Shutting down
INFO:     Waiting for application shutdown.
INFO:     Application shutdown complete.
INFO:     Finished server process [17893]
INFO:     Started server process [17990]
INFO:     Waiting for application startup.
INFO:     Application startup complete.
Creating tables...
Tables created successfully!
INFO:     127.0.0.1:59597 - "POST /cars/recommendations HTTP/1.1" 200 OK
INFO:     127.0.0.1:59736 - "GET /recommendations-ui HTTP/1.1" 200 OK
INFO:     127.0.0.1:59736 - "GET /live-listings-ui HTTP/1.1" 200 OK
INFO:     127.0.0.1:59736 - "POST /cars/live-listings HTTP/1.1" 200 OK
WARNING:  StatReload detected changes in 'app/services/car_recommendations.py'. Reloading...
INFO:     Shutting down
INFO:     Waiting for application shutdown.
INFO:     Application shutdown complete.
INFO:     Finished server process [17990]
INFO:     Started server process [19169]
INFO:     Waiting for application startup.
INFO:     Application startup complete.
WARNING:  StatReload detected changes in 'app/services/live_listings.py'. Reloading...
INFO:     Shutting down
INFO:     Waiting for application shutdown.
INFO:     Application shutdown complete.
INFO:     Finished server process [19169]
INFO:     Started server process [19256]
INFO:     Waiting for application startup.
INFO:     Application startup complete.
Creating tables...
Tables created successfully!
INFO:     127.0.0.1:59802 - "GET /cars-ui/c5a9a00e-d707-4462-b081-92cfd9d99cdb HTTP/1.1" 200 OK
INFO:     127.0.0.1:59802 - "GET /cars/c5a9a00e-d707-4462-b081-92cfd9d99cdb HTTP/1.1" 200 OK
INFO:     127.0.0.1:59804 - "GET /cars/c5a9a00e-d707-4462-b081-92cfd9d99cdb/listings HTTP/1.1" 200 OK
INFO:     127.0.0.1:59810 - "GET /recommendations-ui HTTP/1.1" 200 OK
INFO:     127.0.0.1:59810 - "POST /cars/recommendations HTTP/1.1" 200 OK
INFO:     127.0.0.1:59815 - "POST /cars/recommendations HTTP/1.1" 200 OK
INFO:     127.0.0.1:59815 - "POST /cars/recommendations HTTP/1.1" 200 OK
INFO:     127.0.0.1:59821 - "POST /cars/recommendations HTTP/1.1" 200 OK
WARNING:  StatReload detected changes in 'app/services/car_recommendations.py'. Reloading...
INFO:     Shutting down
INFO:     Waiting for application shutdown.
INFO:     Application shutdown complete.
INFO:     Finished server process [19256]
INFO:     Started server process [20488]
INFO:     Waiting for application startup.
INFO:     Application startup complete.
WARNING:  StatReload detected changes in 'app/services/live_listings.py'. Reloading...
INFO:     Shutting down
INFO:     Waiting for application shutdown.
INFO:     Application shutdown complete.
INFO:     Finished server process [20488]
INFO:     Started server process [20588]
INFO:     Waiting for application startup.
INFO:     Application startup complete.
Creating tables...
Tables created successfully!
INFO:     127.0.0.1:59862 - "GET /recommendations-ui HTTP/1.1" 200 OK
INFO:     127.0.0.1:59862 - "GET /cars-ui HTTP/1.1" 200 OK
INFO:     127.0.0.1:59862 - "GET /cars HTTP/1.1" 200 OK
INFO:     127.0.0.1:59871 - "GET /cars-ui/c5a9a00e-d707-4462-b081-92cfd9d99cdb HTTP/1.1" 200 OK
INFO:     127.0.0.1:59870 - "GET /cars/c5a9a00e-d707-4462-b081-92cfd9d99cdb HTTP/1.1" 200 OK
INFO:     127.0.0.1:59871 - "GET /cars/c5a9a00e-d707-4462-b081-92cfd9d99cdb/listings HTTP/1.1" 200 OK
WARNING:  StatReload detected changes in 'app/services/car_recommendations.py'. Reloading...
INFO:     Shutting down
INFO:     Waiting for application shutdown.
INFO:     Application shutdown complete.
INFO:     Finished server process [20588]
INFO:     Started server process [20873]
INFO:     Waiting for application startup.
INFO:     Application startup complete.
Creating tables...
Tables created successfully!
INFO:     127.0.0.1:59887 - "GET /recommendations-ui HTTP/1.1" 200 OK
INFO:     127.0.0.1:59887 - "GET /live-listings-ui HTTP/1.1" 200 OK
INFO:     127.0.0.1:59887 - "GET /cars-ui HTTP/1.1" 200 OK
INFO:     127.0.0.1:59886 - "GET /cars HTTP/1.1" 200 OK
WARNING:  StatReload detected changes in 'app/services/live_listings.py'. Reloading...
INFO:     Shutting down
INFO:     Waiting for application shutdown.
INFO:     Application shutdown complete.
INFO:     Finished server process [20873]
INFO:     Started server process [21931]
INFO:     Waiting for application startup.
INFO:     Application startup complete.
Creating tables...
Tables created successfully!
INFO:     127.0.0.1:59971 - "GET /recommendations-ui HTTP/1.1" 200 OK
INFO:     127.0.0.1:59970 - "POST /cars/recommendations HTTP/1.1" 401 Unauthorized
INFO:     127.0.0.1:59970 - "GET /login HTTP/1.1" 200 OK
INFO:     127.0.0.1:60000 - "POST /auth/login HTTP/1.1" 401 Unauthorized
INFO:     127.0.0.1:60005 - "POST /auth/login HTTP/1.1" 200 OK
INFO:     127.0.0.1:60005 - "GET /cars-ui HTTP/1.1" 200 OK
INFO:     127.0.0.1:60005 - "GET /cars HTTP/1.1" 200 OK
INFO:     127.0.0.1:60005 - "GET /recommendations-ui HTTP/1.1" 200 OK
INFO:     127.0.0.1:60015 - "POST /cars/recommendations HTTP/1.1" 200 OK
INFO:     127.0.0.1:60015 - "POST /cars/recommendations HTTP/1.1" 200 OK
INFO:     127.0.0.1:60015 - "POST /cars/recommendations HTTP/1.1" 200 OK
INFO:     127.0.0.1:60015 - "POST /cars/recommendations HTTP/1.1" 200 OK
INFO:     127.0.0.1:60015 - "POST /cars/recommendations HTTP/1.1" 200 OK
INFO:     127.0.0.1:60015 - "POST /cars/recommendations HTTP/1.1" 200 OK
INFO:     127.0.0.1:60015 - "POST /cars/recommendations HTTP/1.1" 200 OK
INFO:     127.0.0.1:60028 - "POST /cars/recommendations HTTP/1.1" 200 OK
WARNING:  StatReload detected changes in 'app/services/car_recommendations.py'. Reloading...
INFO:     Shutting down
INFO:     Waiting for application shutdown.
INFO:     Application shutdown complete.
INFO:     Finished server process [21931]
INFO:     Started server process [23986]
INFO:     Waiting for application startup.
INFO:     Application startup complete.
Creating tables...
Tables created successfully!
INFO:     127.0.0.1:60051 - "POST /cars/recommendations HTTP/1.1" 200 OK
INFO:     127.0.0.1:60051 - "GET /live-listings-ui HTTP/1.1" 200 OK
WARNING:  StatReload detected changes in 'tests/e2e/test_carcompare_e2e.py'. Reloading...
INFO:     Shutting down
INFO:     Waiting for application shutdown.
INFO:     Application shutdown complete.
INFO:     Finished server process [23986]
INFO:     Started server process [25115]
INFO:     Waiting for application startup.
INFO:     Application startup complete.
WARNING:  StatReload detected changes in 'tests/e2e/test_carcompare_e2e.py'. Reloading...
INFO:     Shutting down
INFO:     Waiting for application shutdown.
INFO:     Application shutdown complete.
INFO:     Finished server process [25115]
INFO:     Started server process [25174]
INFO:     Waiting for application startup.
INFO:     Application startup complete.
WARNING:  StatReload detected changes in 'tests/e2e/test_carcompare_e2e.py'. Reloading...
INFO:     Shutting down
INFO:     Waiting for application shutdown.
INFO:     Application shutdown complete.
INFO:     Finished server process [25174]
INFO:     Started server process [25248]
INFO:     Waiting for application startup.
INFO:     Application startup complete.
WARNING:  StatReload detected changes in 'tests/e2e/test_carcompare_e2e.py'. Reloading...
INFO:     Shutting down
INFO:     Waiting for application shutdown.
INFO:     Application shutdown complete.
INFO:     Finished server process [25248]
INFO:     Started server process [25314]
INFO:     Waiting for application startup.
INFO:     Application startup complete.
WARNING:  StatReload detected changes in 'tests/e2e/test_carcompare_e2e.py'. Reloading...
INFO:     Shutting down
INFO:     Waiting for application shutdown.
INFO:     Application shutdown complete.
INFO:     Finished server process [25314]
INFO:     Started server process [25380]
INFO:     Waiting for application startup.
INFO:     Application startup complete.
WARNING:  StatReload detected changes in 'tests/e2e/test_carcompare_e2e.py'. Reloading...
INFO:     Shutting down
INFO:     Waiting for application shutdown.
INFO:     Application shutdown complete.
INFO:     Finished server process [25380]
INFO:     Started server process [25453]
INFO:     Waiting for application startup.
INFO:     Application startup complete.
WARNING:  StatReload detected changes in 'tests/conftest.py'. Reloading...
INFO:     Shutting down
INFO:     Waiting for application shutdown.
INFO:     Application shutdown complete.
INFO:     Finished server process [25453]
INFO:     Started server process [25848]
INFO:     Waiting for application startup.
INFO:     Application startup complete.
Creating tables...
Tables created successfully!
INFO:     127.0.0.1:60187 - "GET /cars-ui HTTP/1.1" 200 OK
INFO:     127.0.0.1:60186 - "GET /cars HTTP/1.1" 500 Internal Server Error
ERROR:    Exception in ASGI application
Traceback (most recent call last):
  File "/Users/billyb/school-projects/module14_is601_extended/.venv/lib/python3.13/site-packages/sqlalchemy/engine/base.py", line 1964, in _exec_single_context
    self.dialect.do_execute(
    ~~~~~~~~~~~~~~~~~~~~~~~^
        cursor, str_statement, effective_parameters, context
        ^^^^^^^^^^^^^^^^^^^^^^^^^^^^^^^^^^^^^^^^^^^^^^^^^^^^
    )
    ^
  File "/Users/billyb/school-projects/module14_is601_extended/.venv/lib/python3.13/site-packages/sqlalchemy/engine/default.py", line 942, in do_execute
    cursor.execute(statement, parameters)
    ~~~~~~~~~~~~~~^^^^^^^^^^^^^^^^^^^^^^^
psycopg2.errors.UndefinedTable: relation "cars" does not exist
LINE 2: FROM cars 
             ^


The above exception was the direct cause of the following exception:

Traceback (most recent call last):
  File "/Users/billyb/school-projects/module14_is601_extended/.venv/lib/python3.13/site-packages/uvicorn/protocols/http/h11_impl.py", line 403, in run_asgi
    result = await app(  # type: ignore[func-returns-value]
             ^^^^^^^^^^^^^^^^^^^^^^^^^^^^^^^^^^^^^^^^^^^^^^
        self.scope, self.receive, self.send
        ^^^^^^^^^^^^^^^^^^^^^^^^^^^^^^^^^^^
    )
    ^
  File "/Users/billyb/school-projects/module14_is601_extended/.venv/lib/python3.13/site-packages/uvicorn/middleware/proxy_headers.py", line 60, in __call__
    return await self.app(scope, receive, send)
           ^^^^^^^^^^^^^^^^^^^^^^^^^^^^^^^^^^^^
  File "/Users/billyb/school-projects/module14_is601_extended/.venv/lib/python3.13/site-packages/fastapi/applications.py", line 1054, in __call__
    await super().__call__(scope, receive, send)
  File "/Users/billyb/school-projects/module14_is601_extended/.venv/lib/python3.13/site-packages/starlette/applications.py", line 112, in __call__
    await self.middleware_stack(scope, receive, send)
  File "/Users/billyb/school-projects/module14_is601_extended/.venv/lib/python3.13/site-packages/starlette/middleware/errors.py", line 187, in __call__
    raise exc
  File "/Users/billyb/school-projects/module14_is601_extended/.venv/lib/python3.13/site-packages/starlette/middleware/errors.py", line 165, in __call__
    await self.app(scope, receive, _send)
  File "/Users/billyb/school-projects/module14_is601_extended/.venv/lib/python3.13/site-packages/starlette/middleware/exceptions.py", line 62, in __call__
    await wrap_app_handling_exceptions(self.app, conn)(scope, receive, send)
  File "/Users/billyb/school-projects/module14_is601_extended/.venv/lib/python3.13/site-packages/starlette/_exception_handler.py", line 53, in wrapped_app
    raise exc
  File "/Users/billyb/school-projects/module14_is601_extended/.venv/lib/python3.13/site-packages/starlette/_exception_handler.py", line 42, in wrapped_app
    await app(scope, receive, sender)
  File "/Users/billyb/school-projects/module14_is601_extended/.venv/lib/python3.13/site-packages/starlette/routing.py", line 715, in __call__
    await self.middleware_stack(scope, receive, send)
  File "/Users/billyb/school-projects/module14_is601_extended/.venv/lib/python3.13/site-packages/starlette/routing.py", line 735, in app
    await route.handle(scope, receive, send)
  File "/Users/billyb/school-projects/module14_is601_extended/.venv/lib/python3.13/site-packages/starlette/routing.py", line 288, in handle
    await self.app(scope, receive, send)
  File "/Users/billyb/school-projects/module14_is601_extended/.venv/lib/python3.13/site-packages/starlette/routing.py", line 76, in app
    await wrap_app_handling_exceptions(app, request)(scope, receive, send)
  File "/Users/billyb/school-projects/module14_is601_extended/.venv/lib/python3.13/site-packages/starlette/_exception_handler.py", line 53, in wrapped_app
    raise exc
  File "/Users/billyb/school-projects/module14_is601_extended/.venv/lib/python3.13/site-packages/starlette/_exception_handler.py", line 42, in wrapped_app
    await app(scope, receive, sender)
  File "/Users/billyb/school-projects/module14_is601_extended/.venv/lib/python3.13/site-packages/starlette/routing.py", line 73, in app
    response = await f(request)
               ^^^^^^^^^^^^^^^^
  File "/Users/billyb/school-projects/module14_is601_extended/.venv/lib/python3.13/site-packages/fastapi/routing.py", line 301, in app
    raw_response = await run_endpoint_function(
                   ^^^^^^^^^^^^^^^^^^^^^^^^^^^^
    ...<3 lines>...
    )
    ^
  File "/Users/billyb/school-projects/module14_is601_extended/.venv/lib/python3.13/site-packages/fastapi/routing.py", line 214, in run_endpoint_function
    return await run_in_threadpool(dependant.call, **values)
           ^^^^^^^^^^^^^^^^^^^^^^^^^^^^^^^^^^^^^^^^^^^^^^^^^
  File "/Users/billyb/school-projects/module14_is601_extended/.venv/lib/python3.13/site-packages/starlette/concurrency.py", line 37, in run_in_threadpool
    return await anyio.to_thread.run_sync(func)
           ^^^^^^^^^^^^^^^^^^^^^^^^^^^^^^^^^^^^
  File "/Users/billyb/school-projects/module14_is601_extended/.venv/lib/python3.13/site-packages/anyio/to_thread.py", line 56, in run_sync
    return await get_async_backend().run_sync_in_worker_thread(
           ^^^^^^^^^^^^^^^^^^^^^^^^^^^^^^^^^^^^^^^^^^^^^^^^^^^^
        func, args, abandon_on_cancel=abandon_on_cancel, limiter=limiter
        ^^^^^^^^^^^^^^^^^^^^^^^^^^^^^^^^^^^^^^^^^^^^^^^^^^^^^^^^^^^^^^^^
    )
    ^
  File "/Users/billyb/school-projects/module14_is601_extended/.venv/lib/python3.13/site-packages/anyio/_backends/_asyncio.py", line 2461, in run_sync_in_worker_thread
    return await future
           ^^^^^^^^^^^^
  File "/Users/billyb/school-projects/module14_is601_extended/.venv/lib/python3.13/site-packages/anyio/_backends/_asyncio.py", line 962, in run
    result = context.run(func, *args)
  File "/Users/billyb/school-projects/module14_is601_extended/app/main.py", line 499, in get_user_cars
    cars = db.query(Car).filter(Car.user_id == current_user.id).all()
  File "/Users/billyb/school-projects/module14_is601_extended/.venv/lib/python3.13/site-packages/sqlalchemy/orm/query.py", line 2699, in all
    return self._iter().all()  # type: ignore
           ~~~~~~~~~~^^
  File "/Users/billyb/school-projects/module14_is601_extended/.venv/lib/python3.13/site-packages/sqlalchemy/orm/query.py", line 2853, in _iter
    result: Union[ScalarResult[_T], Result[_T]] = self.session.execute(
                                                  ~~~~~~~~~~~~~~~~~~~~^
        statement,
        ^^^^^^^^^^
        params,
        ^^^^^^^
        execution_options={"_sa_orm_load_options": self.load_options},
        ^^^^^^^^^^^^^^^^^^^^^^^^^^^^^^^^^^^^^^^^^^^^^^^^^^^^^^^^^^^^^^
    )
    ^
  File "/Users/billyb/school-projects/module14_is601_extended/.venv/lib/python3.13/site-packages/sqlalchemy/orm/session.py", line 2365, in execute
    return self._execute_internal(
           ~~~~~~~~~~~~~~~~~~~~~~^
        statement,
        ^^^^^^^^^^
    ...<4 lines>...
        _add_event=_add_event,
        ^^^^^^^^^^^^^^^^^^^^^^
    )
    ^
  File "/Users/billyb/school-projects/module14_is601_extended/.venv/lib/python3.13/site-packages/sqlalchemy/orm/session.py", line 2251, in _execute_internal
    result: Result[Any] = compile_state_cls.orm_execute_statement(
                          ~~~~~~~~~~~~~~~~~~~~~~~~~~~~~~~~~~~~~~~^
        self,
        ^^^^^
    ...<4 lines>...
        conn,
        ^^^^^
    )
    ^
  File "/Users/billyb/school-projects/module14_is601_extended/.venv/lib/python3.13/site-packages/sqlalchemy/orm/context.py", line 305, in orm_execute_statement
    result = conn.execute(
        statement, params or {}, execution_options=execution_options
    )
  File "/Users/billyb/school-projects/module14_is601_extended/.venv/lib/python3.13/site-packages/sqlalchemy/engine/base.py", line 1416, in execute
    return meth(
        self,
        distilled_parameters,
        execution_options or NO_OPTIONS,
    )
  File "/Users/billyb/school-projects/module14_is601_extended/.venv/lib/python3.13/site-packages/sqlalchemy/sql/elements.py", line 516, in _execute_on_connection
    return connection._execute_clauseelement(
           ~~~~~~~~~~~~~~~~~~~~~~~~~~~~~~~~~^
        self, distilled_params, execution_options
        ^^^^^^^^^^^^^^^^^^^^^^^^^^^^^^^^^^^^^^^^^
    )
    ^
  File "/Users/billyb/school-projects/module14_is601_extended/.venv/lib/python3.13/site-packages/sqlalchemy/engine/base.py", line 1638, in _execute_clauseelement
    ret = self._execute_context(
        dialect,
    ...<8 lines>...
        cache_hit=cache_hit,
    )
  File "/Users/billyb/school-projects/module14_is601_extended/.venv/lib/python3.13/site-packages/sqlalchemy/engine/base.py", line 1843, in _execute_context
    return self._exec_single_context(
           ~~~~~~~~~~~~~~~~~~~~~~~~~^
        dialect, context, statement, parameters
        ^^^^^^^^^^^^^^^^^^^^^^^^^^^^^^^^^^^^^^^
    )
    ^
  File "/Users/billyb/school-projects/module14_is601_extended/.venv/lib/python3.13/site-packages/sqlalchemy/engine/base.py", line 1983, in _exec_single_context
    self._handle_dbapi_exception(
    ~~~~~~~~~~~~~~~~~~~~~~~~~~~~^
        e, str_statement, effective_parameters, cursor, context
        ^^^^^^^^^^^^^^^^^^^^^^^^^^^^^^^^^^^^^^^^^^^^^^^^^^^^^^^
    )
    ^
  File "/Users/billyb/school-projects/module14_is601_extended/.venv/lib/python3.13/site-packages/sqlalchemy/engine/base.py", line 2352, in _handle_dbapi_exception
    raise sqlalchemy_exception.with_traceback(exc_info[2]) from e
  File "/Users/billyb/school-projects/module14_is601_extended/.venv/lib/python3.13/site-packages/sqlalchemy/engine/base.py", line 1964, in _exec_single_context
    self.dialect.do_execute(
    ~~~~~~~~~~~~~~~~~~~~~~~^
        cursor, str_statement, effective_parameters, context
        ^^^^^^^^^^^^^^^^^^^^^^^^^^^^^^^^^^^^^^^^^^^^^^^^^^^^
    )
    ^
  File "/Users/billyb/school-projects/module14_is601_extended/.venv/lib/python3.13/site-packages/sqlalchemy/engine/default.py", line 942, in do_execute
    cursor.execute(statement, parameters)
    ~~~~~~~~~~~~~~^^^^^^^^^^^^^^^^^^^^^^^
sqlalchemy.exc.ProgrammingError: (psycopg2.errors.UndefinedTable) relation "cars" does not exist
LINE 2: FROM cars 
             ^

[SQL: SELECT cars.id AS cars_id, cars.user_id AS cars_user_id, cars.vin AS cars_vin, cars.year AS cars_year, cars.make AS cars_make, cars.model AS cars_model, cars.trim AS cars_trim, cars.created_at AS cars_created_at, cars.updated_at AS cars_updated_at 
FROM cars 
WHERE cars.user_id = %(user_id_1)s::UUID]
[parameters: {'user_id_1': UUID('d3f88894-445a-4dbf-80a1-b5fa27a4da44')}]
(Background on this error at: https://sqlalche.me/e/20/f405)
WARNING:  StatReload detected changes in 'tests/e2e/test_carcompare_e2e.py'. Reloading...
INFO:     Shutting down
INFO:     Waiting for application shutdown.
INFO:     Application shutdown complete.
INFO:     Finished server process [25848]
INFO:     Started server process [26220]
INFO:     Waiting for application startup.
INFO:     Application startup complete.
WARNING:  StatReload detected changes in 'alembic/env.py'. Reloading...
INFO:     Shutting down
INFO:     Waiting for application shutdown.
INFO:     Application shutdown complete.
INFO:     Finished server process [26220]
INFO:     Started server process [27563]
INFO:     Waiting for application startup.
INFO:     Application startup complete.
WARNING:  StatReload detected changes in 'app/main.py'. Reloading...
INFO:     Shutting down
INFO:     Waiting for application shutdown.
INFO:     Application shutdown complete.
INFO:     Finished server process [27563]
INFO:     Started server process [32436]
INFO:     Waiting for application startup.
INFO:     Application startup complete.
